<?xml version="1.0" encoding="UTF-8"?>
<testsuite xmlns:xsi="http://www.w3.org/2001/XMLSchema-instance" xsi:noNamespaceSchemaLocation="https://maven.apache.org/surefire/maven-surefire-plugin/xsd/surefire-test-report.xsd" name="com.periNimble.custom.processors.sample.MyProcessorTest" time="0.618" tests="1" errors="0" skipped="0" failures="0">
  <properties>
    <property name="java.specification.version" value="18"/>
    <property name="sun.cpu.isalist" value="amd64"/>
    <property name="sun.jnu.encoding" value="Cp1252"/>
    <property name="java.class.path" value="C:\Users\acer\perinimble\java_project\nifi-custom-processor\nifi-sample-processors\target\test-classes;C:\Users\acer\perinimble\java_project\nifi-custom-processor\nifi-sample-processors\target\classes;C:\Users\acer\.m2\repository\javax\persistence\persistence-api\1.0.2\persistence-api-1.0.2.jar;C:\Users\acer\.m2\repository\org\hibernate\hibernate-core\5.6.5.Final\hibernate-core-5.6.5.Final.jar;C:\Users\acer\.m2\repository\org\jboss\logging\jboss-logging\3.4.3.Final\jboss-logging-3.4.3.Final.jar;C:\Users\acer\.m2\repository\javax\persistence\javax.persistence-api\2.2\javax.persistence-api-2.2.jar;C:\Users\acer\.m2\repository\net\bytebuddy\byte-buddy\1.12.7\byte-buddy-1.12.7.jar;C:\Users\acer\.m2\repository\antlr\antlr\2.7.7\antlr-2.7.7.jar;C:\Users\acer\.m2\repository\org\jboss\spec\javax\transaction\jboss-transaction-api_1.2_spec\1.1.1.Final\jboss-transaction-api_1.2_spec-1.1.1.Final.jar;C:\Users\acer\.m2\repository\org\jboss\jandex\2.4.2.Final\jandex-2.4.2.Final.jar;C:\Users\acer\.m2\repository\com\fasterxml\classmate\1.5.1\classmate-1.5.1.jar;C:\Users\acer\.m2\repository\javax\activation\javax.activation-api\1.2.0\javax.activation-api-1.2.0.jar;C:\Users\acer\.m2\repository\org\hibernate\common\hibernate-commons-annotations\5.1.2.Final\hibernate-commons-annotations-5.1.2.Final.jar;C:\Users\acer\.m2\repository\javax\xml\bind\jaxb-api\2.3.0\jaxb-api-2.3.0.jar;C:\Users\acer\.m2\repository\org\glassfish\jaxb\jaxb-runtime\2.3.1\jaxb-runtime-2.3.1.jar;C:\Users\acer\.m2\repository\org\glassfish\jaxb\txw2\2.3.1\txw2-2.3.1.jar;C:\Users\acer\.m2\repository\com\sun\istack\istack-commons-runtime\3.0.7\istack-commons-runtime-3.0.7.jar;C:\Users\acer\.m2\repository\org\jvnet\staxex\stax-ex\1.8\stax-ex-1.8.jar;C:\Users\acer\.m2\repository\com\sun\xml\fastinfoset\FastInfoset\1.2.15\FastInfoset-1.2.15.jar;C:\Users\acer\.m2\repository\org\postgresql\postgresql\42.2.5\postgresql-42.2.5.jar;C:\Users\acer\.m2\repository\org\apache\nifi\nifi-api\1.14.0\nifi-api-1.14.0.jar;C:\Users\acer\.m2\repository\com\fasterxml\jackson\core\jackson-databind\2.13.0\jackson-databind-2.13.0.jar;C:\Users\acer\.m2\repository\com\fasterxml\jackson\core\jackson-annotations\2.13.0\jackson-annotations-2.13.0.jar;C:\Users\acer\.m2\repository\com\fasterxml\jackson\core\jackson-core\2.13.0\jackson-core-2.13.0.jar;C:\Users\acer\.m2\repository\org\apache\nifi\nifi-utils\1.14.0\nifi-utils-1.14.0.jar;C:\Users\acer\.m2\repository\com\sun\xml\bind\jaxb-core\2.3.0\jaxb-core-2.3.0.jar;C:\Users\acer\.m2\repository\com\sun\xml\bind\jaxb-impl\2.3.0\jaxb-impl-2.3.0.jar;C:\Users\acer\.m2\repository\org\apache\nifi\nifi-mock\1.14.0\nifi-mock-1.14.0.jar;C:\Users\acer\.m2\repository\org\apache\nifi\nifi-framework-api\1.14.0\nifi-framework-api-1.14.0.jar;C:\Users\acer\.m2\repository\org\apache\nifi\nifi-parameter\1.14.0\nifi-parameter-1.14.0.jar;C:\Users\acer\.m2\repository\org\apache\nifi\nifi-framework-core-api\1.14.0\nifi-framework-core-api-1.14.0.jar;C:\Users\acer\.m2\repository\org\apache\nifi\nifi-framework-nar-utils\1.14.0\nifi-framework-nar-utils-1.14.0.jar;C:\Users\acer\.m2\repository\org\apache\nifi\nifi-client-dto\1.14.0\nifi-client-dto-1.14.0.jar;C:\Users\acer\.m2\repository\io\swagger\swagger-annotations\1.6.0\swagger-annotations-1.6.0.jar;C:\Users\acer\.m2\repository\org\apache\nifi\nifi-site-to-site-client\1.14.0\nifi-site-to-site-client-1.14.0.jar;C:\Users\acer\.m2\repository\org\apache\httpcomponents\client5\httpclient5\5.0-beta4\httpclient5-5.0-beta4.jar;C:\Users\acer\.m2\repository\org\apache\httpcomponents\core5\httpcore5\5.0-beta7\httpcore5-5.0-beta7.jar;C:\Users\acer\.m2\repository\org\apache\httpcomponents\core5\httpcore5-h2\5.0-beta7\httpcore5-h2-5.0-beta7.jar;C:\Users\acer\.m2\repository\org\apache\httpcomponents\httpasyncclient\4.1.4\httpasyncclient-4.1.4.jar;C:\Users\acer\.m2\repository\org\apache\httpcomponents\httpcore\4.4.10\httpcore-4.4.10.jar;C:\Users\acer\.m2\repository\org\apache\httpcomponents\httpcore-nio\4.4.10\httpcore-nio-4.4.10.jar;C:\Users\acer\.m2\repository\org\apache\httpcomponents\httpclient\4.5.6\httpclient-4.5.6.jar;C:\Users\acer\.m2\repository\org\apache\commons\commons-lang3\3.9\commons-lang3-3.9.jar;C:\Users\acer\.m2\repository\org\apache\nifi\nifi-framework-authorization\1.14.0\nifi-framework-authorization-1.14.0.jar;C:\Users\acer\.m2\repository\org\apache\nifi\registry\nifi-registry-data-model\1.14.0\nifi-registry-data-model-1.14.0.jar;C:\Users\acer\.m2\repository\javax\validation\validation-api\2.0.1.Final\validation-api-2.0.1.Final.jar;C:\Users\acer\.m2\repository\javax\ws\rs\javax.ws.rs-api\2.1\javax.ws.rs-api-2.1.jar;C:\Users\acer\.m2\repository\org\apache\nifi\registry\nifi-registry-revision-entity-model\1.14.0\nifi-registry-revision-entity-model-1.14.0.jar;C:\Users\acer\.m2\repository\jakarta\xml\bind\jakarta.xml.bind-api\2.3.2\jakarta.xml.bind-api-2.3.2.jar;C:\Users\acer\.m2\repository\jakarta\activation\jakarta.activation-api\1.2.1\jakarta.activation-api-1.2.1.jar;C:\Users\acer\.m2\repository\org\apache\nifi\registry\nifi-registry-client\1.14.0\nifi-registry-client-1.14.0.jar;C:\Users\acer\.m2\repository\org\apache\nifi\registry\nifi-registry-security-utils\1.14.0\nifi-registry-security-utils-1.14.0.jar;C:\Users\acer\.m2\repository\org\glassfish\jersey\core\jersey-client\2.33\jersey-client-2.33.jar;C:\Users\acer\.m2\repository\jakarta\ws\rs\jakarta.ws.rs-api\2.1.6\jakarta.ws.rs-api-2.1.6.jar;C:\Users\acer\.m2\repository\org\glassfish\hk2\external\jakarta.inject\2.6.1\jakarta.inject-2.6.1.jar;C:\Users\acer\.m2\repository\org\glassfish\jersey\media\jersey-media-json-jackson\2.33\jersey-media-json-jackson-2.33.jar;C:\Users\acer\.m2\repository\org\glassfish\jersey\ext\jersey-entity-filtering\2.33\jersey-entity-filtering-2.33.jar;C:\Users\acer\.m2\repository\com\fasterxml\jackson\module\jackson-module-jaxb-annotations\2.11.3\jackson-module-jaxb-annotations-2.11.3.jar;C:\Users\acer\.m2\repository\org\glassfish\jersey\inject\jersey-hk2\2.33\jersey-hk2-2.33.jar;C:\Users\acer\.m2\repository\org\glassfish\hk2\hk2-locator\2.6.1\hk2-locator-2.6.1.jar;C:\Users\acer\.m2\repository\org\glassfish\hk2\external\aopalliance-repackaged\2.6.1\aopalliance-repackaged-2.6.1.jar;C:\Users\acer\.m2\repository\org\glassfish\hk2\hk2-api\2.6.1\hk2-api-2.6.1.jar;C:\Users\acer\.m2\repository\org\glassfish\hk2\hk2-utils\2.6.1\hk2-utils-2.6.1.jar;C:\Users\acer\.m2\repository\org\javassist\javassist\3.25.0-GA\javassist-3.25.0-GA.jar;C:\Users\acer\.m2\repository\org\glassfish\jersey\core\jersey-common\2.33\jersey-common-2.33.jar;C:\Users\acer\.m2\repository\jakarta\annotation\jakarta.annotation-api\1.3.5\jakarta.annotation-api-1.3.5.jar;C:\Users\acer\.m2\repository\org\glassfish\hk2\osgi-resource-locator\1.0.3\osgi-resource-locator-1.0.3.jar;C:\Users\acer\.m2\repository\org\glassfish\jersey\media\jersey-media-multipart\2.33\jersey-media-multipart-2.33.jar;C:\Users\acer\.m2\repository\org\jvnet\mimepull\mimepull\1.9.13\mimepull-1.9.13.jar;C:\Users\acer\.m2\repository\org\apache\nifi\nifi-expression-language\1.14.0\nifi-expression-language-1.14.0.jar;C:\Users\acer\.m2\repository\org\antlr\antlr-runtime\3.5.2\antlr-runtime-3.5.2.jar;C:\Users\acer\.m2\repository\org\apache\nifi\nifi-uuid5\1.14.0\nifi-uuid5-1.14.0.jar;C:\Users\acer\.m2\repository\com\jayway\jsonpath\json-path\2.6.0\json-path-2.6.0.jar;C:\Users\acer\.m2\repository\net\minidev\json-smart\2.4.7\json-smart-2.4.7.jar;C:\Users\acer\.m2\repository\net\minidev\accessors-smart\2.4.7\accessors-smart-2.4.7.jar;C:\Users\acer\.m2\repository\org\ow2\asm\asm\9.1\asm-9.1.jar;C:\Users\acer\.m2\repository\org\apache\commons\commons-text\1.8\commons-text-1.8.jar;C:\Users\acer\.m2\repository\commons-codec\commons-codec\1.14\commons-codec-1.14.jar;C:\Users\acer\.m2\repository\org\apache\nifi\nifi-data-provenance-utils\1.14.0\nifi-data-provenance-utils-1.14.0.jar;C:\Users\acer\.m2\repository\org\apache\nifi\nifi-security-utils\1.14.0\nifi-security-utils-1.14.0.jar;C:\Users\acer\.m2\repository\org\apache\nifi\nifi-security-utils-api\1.14.0\nifi-security-utils-api-1.14.0.jar;C:\Users\acer\.m2\repository\org\apache\nifi\nifi-security-kms\1.14.0\nifi-security-kms-1.14.0.jar;C:\Users\acer\.m2\repository\org\bouncycastle\bcpkix-jdk15on\1.69\bcpkix-jdk15on-1.69.jar;C:\Users\acer\.m2\repository\org\bouncycastle\bcutil-jdk15on\1.69\bcutil-jdk15on-1.69.jar;C:\Users\acer\.m2\repository\at\favre\lib\bcrypt\0.9.0\bcrypt-0.9.0.jar;C:\Users\acer\.m2\repository\at\favre\lib\bytes\1.3.0\bytes-1.3.0.jar;C:\Users\acer\.m2\repository\org\apache\commons\commons-configuration2\2.7\commons-configuration2-2.7.jar;C:\Users\acer\.m2\repository\com\sun\activation\javax.activation\1.2.0\javax.activation-1.2.0.jar;C:\Users\acer\.m2\repository\org\bouncycastle\bcprov-jdk15on\1.69\bcprov-jdk15on-1.69.jar;C:\Users\acer\.m2\repository\org\apache\nifi\nifi-properties-loader\1.14.0\nifi-properties-loader-1.14.0.jar;C:\Users\acer\.m2\repository\org\apache\nifi\nifi-sensitive-property-provider\1.14.0\nifi-sensitive-property-provider-1.14.0.jar;C:\Users\acer\.m2\repository\org\apache\nifi\nifi-vault-utils\1.14.0\nifi-vault-utils-1.14.0.jar;C:\Users\acer\.m2\repository\org\springframework\vault\spring-vault-core\2.3.2\spring-vault-core-2.3.2.jar;C:\Users\acer\.m2\repository\org\springframework\spring-context\5.3.5\spring-context-5.3.5.jar;C:\Users\acer\.m2\repository\org\springframework\spring-aop\5.3.5\spring-aop-5.3.5.jar;C:\Users\acer\.m2\repository\org\springframework\spring-expression\5.3.5\spring-expression-5.3.5.jar;C:\Users\acer\.m2\repository\org\springframework\spring-beans\5.3.5\spring-beans-5.3.5.jar;C:\Users\acer\.m2\repository\org\springframework\spring-web\5.3.5\spring-web-5.3.5.jar;C:\Users\acer\.m2\repository\org\springframework\spring-core\5.3.8\spring-core-5.3.8.jar;C:\Users\acer\.m2\repository\org\springframework\spring-jcl\5.3.8\spring-jcl-5.3.8.jar;C:\Users\acer\.m2\repository\com\squareup\okhttp3\okhttp\4.9.1\okhttp-4.9.1.jar;C:\Users\acer\.m2\repository\com\squareup\okio\okio\2.8.0\okio-2.8.0.jar;C:\Users\acer\.m2\repository\org\jetbrains\kotlin\kotlin-stdlib-common\1.4.0\kotlin-stdlib-common-1.4.0.jar;C:\Users\acer\.m2\repository\org\jetbrains\kotlin\kotlin-stdlib\1.4.10\kotlin-stdlib-1.4.10.jar;C:\Users\acer\.m2\repository\org\jetbrains\annotations\13.0\annotations-13.0.jar;C:\Users\acer\.m2\repository\org\apache\nifi\nifi-properties\1.14.0\nifi-properties-1.14.0.jar;C:\Users\acer\.m2\repository\org\apache\nifi\nifi-property-utils\1.14.0\nifi-property-utils-1.14.0.jar;C:\Users\acer\.m2\repository\org\slf4j\slf4j-simple\1.7.30\slf4j-simple-1.7.30.jar;C:\Users\acer\.m2\repository\org\slf4j\slf4j-api\1.7.30\slf4j-api-1.7.30.jar;C:\Users\acer\.m2\repository\junit\junit\4.13.2\junit-4.13.2.jar;C:\Users\acer\.m2\repository\org\hamcrest\hamcrest-core\1.3\hamcrest-core-1.3.jar;C:\Users\acer\.m2\repository\jakarta\persistence\jakarta.persistence-api\2.2.3\jakarta.persistence-api-2.2.3.jar;C:\Users\acer\.m2\repository\org\apache\htrace\htrace-core4\4.1.0-incubating\htrace-core4-4.1.0-incubating.jar;C:\Users\acer\.m2\repository\org\hibernate\validator\hibernate-validator\6.2.4.Final\hibernate-validator-6.2.4.Final.jar;C:\Users\acer\.m2\repository\jakarta\validation\jakarta.validation-api\2.0.2\jakarta.validation-api-2.0.2.jar;C:\Users\acer\.m2\repository\org\projectlombok\lombok\1.18.24\lombok-1.18.24.jar;C:\Users\acer\.m2\repository\org\mockito\mockito-core\2.28.2\mockito-core-2.28.2.jar;C:\Users\acer\.m2\repository\net\bytebuddy\byte-buddy-agent\1.9.10\byte-buddy-agent-1.9.10.jar;C:\Users\acer\.m2\repository\org\objenesis\objenesis\2.6\objenesis-2.6.jar;C:\Users\acer\.m2\repository\org\codehaus\groovy\groovy-test\2.5.6\groovy-test-2.5.6.jar;C:\Users\acer\.m2\repository\org\codehaus\groovy\groovy\2.5.6\groovy-2.5.6.jar;"/>
    <property name="java.vm.vendor" value="Oracle Corporation"/>
    <property name="sun.arch.data.model" value="64"/>
    <property name="user.variant" value=""/>
    <property name="java.vendor.url" value="https://java.oracle.com/"/>
    <property name="user.timezone" value="GMT+05:30"/>
    <property name="os.name" value="Windows 10"/>
    <property name="java.vm.specification.version" value="18"/>
    <property name="user.country" value="IN"/>
    <property name="sun.java.launcher" value="SUN_STANDARD"/>
    <property name="sun.boot.library.path" value="C:\Program Files\Java\jdk-18.0.2\bin"/>
    <property name="sun.java.command" value="C:\Users\acer\AppData\Local\Temp\surefire7961191824232708917\surefirebooter7350437031094619278.jar C:\Users\acer\AppData\Local\Temp\surefire7961191824232708917 2024-01-30T16-17-27_102-jvmRun1 surefire2986771372520311888tmp surefire_018132999370121451644tmp"/>
    <property name="jdk.debug" value="release"/>
    <property name="surefire.test.class.path" value="C:\Users\acer\perinimble\java_project\nifi-custom-processor\nifi-sample-processors\target\test-classes;C:\Users\acer\perinimble\java_project\nifi-custom-processor\nifi-sample-processors\target\classes;C:\Users\acer\.m2\repository\javax\persistence\persistence-api\1.0.2\persistence-api-1.0.2.jar;C:\Users\acer\.m2\repository\org\hibernate\hibernate-core\5.6.5.Final\hibernate-core-5.6.5.Final.jar;C:\Users\acer\.m2\repository\org\jboss\logging\jboss-logging\3.4.3.Final\jboss-logging-3.4.3.Final.jar;C:\Users\acer\.m2\repository\javax\persistence\javax.persistence-api\2.2\javax.persistence-api-2.2.jar;C:\Users\acer\.m2\repository\net\bytebuddy\byte-buddy\1.12.7\byte-buddy-1.12.7.jar;C:\Users\acer\.m2\repository\antlr\antlr\2.7.7\antlr-2.7.7.jar;C:\Users\acer\.m2\repository\org\jboss\spec\javax\transaction\jboss-transaction-api_1.2_spec\1.1.1.Final\jboss-transaction-api_1.2_spec-1.1.1.Final.jar;C:\Users\acer\.m2\repository\org\jboss\jandex\2.4.2.Final\jandex-2.4.2.Final.jar;C:\Users\acer\.m2\repository\com\fasterxml\classmate\1.5.1\classmate-1.5.1.jar;C:\Users\acer\.m2\repository\javax\activation\javax.activation-api\1.2.0\javax.activation-api-1.2.0.jar;C:\Users\acer\.m2\repository\org\hibernate\common\hibernate-commons-annotations\5.1.2.Final\hibernate-commons-annotations-5.1.2.Final.jar;C:\Users\acer\.m2\repository\javax\xml\bind\jaxb-api\2.3.0\jaxb-api-2.3.0.jar;C:\Users\acer\.m2\repository\org\glassfish\jaxb\jaxb-runtime\2.3.1\jaxb-runtime-2.3.1.jar;C:\Users\acer\.m2\repository\org\glassfish\jaxb\txw2\2.3.1\txw2-2.3.1.jar;C:\Users\acer\.m2\repository\com\sun\istack\istack-commons-runtime\3.0.7\istack-commons-runtime-3.0.7.jar;C:\Users\acer\.m2\repository\org\jvnet\staxex\stax-ex\1.8\stax-ex-1.8.jar;C:\Users\acer\.m2\repository\com\sun\xml\fastinfoset\FastInfoset\1.2.15\FastInfoset-1.2.15.jar;C:\Users\acer\.m2\repository\org\postgresql\postgresql\42.2.5\postgresql-42.2.5.jar;C:\Users\acer\.m2\repository\org\apache\nifi\nifi-api\1.14.0\nifi-api-1.14.0.jar;C:\Users\acer\.m2\repository\com\fasterxml\jackson\core\jackson-databind\2.13.0\jackson-databind-2.13.0.jar;C:\Users\acer\.m2\repository\com\fasterxml\jackson\core\jackson-annotations\2.13.0\jackson-annotations-2.13.0.jar;C:\Users\acer\.m2\repository\com\fasterxml\jackson\core\jackson-core\2.13.0\jackson-core-2.13.0.jar;C:\Users\acer\.m2\repository\org\apache\nifi\nifi-utils\1.14.0\nifi-utils-1.14.0.jar;C:\Users\acer\.m2\repository\com\sun\xml\bind\jaxb-core\2.3.0\jaxb-core-2.3.0.jar;C:\Users\acer\.m2\repository\com\sun\xml\bind\jaxb-impl\2.3.0\jaxb-impl-2.3.0.jar;C:\Users\acer\.m2\repository\org\apache\nifi\nifi-mock\1.14.0\nifi-mock-1.14.0.jar;C:\Users\acer\.m2\repository\org\apache\nifi\nifi-framework-api\1.14.0\nifi-framework-api-1.14.0.jar;C:\Users\acer\.m2\repository\org\apache\nifi\nifi-parameter\1.14.0\nifi-parameter-1.14.0.jar;C:\Users\acer\.m2\repository\org\apache\nifi\nifi-framework-core-api\1.14.0\nifi-framework-core-api-1.14.0.jar;C:\Users\acer\.m2\repository\org\apache\nifi\nifi-framework-nar-utils\1.14.0\nifi-framework-nar-utils-1.14.0.jar;C:\Users\acer\.m2\repository\org\apache\nifi\nifi-client-dto\1.14.0\nifi-client-dto-1.14.0.jar;C:\Users\acer\.m2\repository\io\swagger\swagger-annotations\1.6.0\swagger-annotations-1.6.0.jar;C:\Users\acer\.m2\repository\org\apache\nifi\nifi-site-to-site-client\1.14.0\nifi-site-to-site-client-1.14.0.jar;C:\Users\acer\.m2\repository\org\apache\httpcomponents\client5\httpclient5\5.0-beta4\httpclient5-5.0-beta4.jar;C:\Users\acer\.m2\repository\org\apache\httpcomponents\core5\httpcore5\5.0-beta7\httpcore5-5.0-beta7.jar;C:\Users\acer\.m2\repository\org\apache\httpcomponents\core5\httpcore5-h2\5.0-beta7\httpcore5-h2-5.0-beta7.jar;C:\Users\acer\.m2\repository\org\apache\httpcomponents\httpasyncclient\4.1.4\httpasyncclient-4.1.4.jar;C:\Users\acer\.m2\repository\org\apache\httpcomponents\httpcore\4.4.10\httpcore-4.4.10.jar;C:\Users\acer\.m2\repository\org\apache\httpcomponents\httpcore-nio\4.4.10\httpcore-nio-4.4.10.jar;C:\Users\acer\.m2\repository\org\apache\httpcomponents\httpclient\4.5.6\httpclient-4.5.6.jar;C:\Users\acer\.m2\repository\org\apache\commons\commons-lang3\3.9\commons-lang3-3.9.jar;C:\Users\acer\.m2\repository\org\apache\nifi\nifi-framework-authorization\1.14.0\nifi-framework-authorization-1.14.0.jar;C:\Users\acer\.m2\repository\org\apache\nifi\registry\nifi-registry-data-model\1.14.0\nifi-registry-data-model-1.14.0.jar;C:\Users\acer\.m2\repository\javax\validation\validation-api\2.0.1.Final\validation-api-2.0.1.Final.jar;C:\Users\acer\.m2\repository\javax\ws\rs\javax.ws.rs-api\2.1\javax.ws.rs-api-2.1.jar;C:\Users\acer\.m2\repository\org\apache\nifi\registry\nifi-registry-revision-entity-model\1.14.0\nifi-registry-revision-entity-model-1.14.0.jar;C:\Users\acer\.m2\repository\jakarta\xml\bind\jakarta.xml.bind-api\2.3.2\jakarta.xml.bind-api-2.3.2.jar;C:\Users\acer\.m2\repository\jakarta\activation\jakarta.activation-api\1.2.1\jakarta.activation-api-1.2.1.jar;C:\Users\acer\.m2\repository\org\apache\nifi\registry\nifi-registry-client\1.14.0\nifi-registry-client-1.14.0.jar;C:\Users\acer\.m2\repository\org\apache\nifi\registry\nifi-registry-security-utils\1.14.0\nifi-registry-security-utils-1.14.0.jar;C:\Users\acer\.m2\repository\org\glassfish\jersey\core\jersey-client\2.33\jersey-client-2.33.jar;C:\Users\acer\.m2\repository\jakarta\ws\rs\jakarta.ws.rs-api\2.1.6\jakarta.ws.rs-api-2.1.6.jar;C:\Users\acer\.m2\repository\org\glassfish\hk2\external\jakarta.inject\2.6.1\jakarta.inject-2.6.1.jar;C:\Users\acer\.m2\repository\org\glassfish\jersey\media\jersey-media-json-jackson\2.33\jersey-media-json-jackson-2.33.jar;C:\Users\acer\.m2\repository\org\glassfish\jersey\ext\jersey-entity-filtering\2.33\jersey-entity-filtering-2.33.jar;C:\Users\acer\.m2\repository\com\fasterxml\jackson\module\jackson-module-jaxb-annotations\2.11.3\jackson-module-jaxb-annotations-2.11.3.jar;C:\Users\acer\.m2\repository\org\glassfish\jersey\inject\jersey-hk2\2.33\jersey-hk2-2.33.jar;C:\Users\acer\.m2\repository\org\glassfish\hk2\hk2-locator\2.6.1\hk2-locator-2.6.1.jar;C:\Users\acer\.m2\repository\org\glassfish\hk2\external\aopalliance-repackaged\2.6.1\aopalliance-repackaged-2.6.1.jar;C:\Users\acer\.m2\repository\org\glassfish\hk2\hk2-api\2.6.1\hk2-api-2.6.1.jar;C:\Users\acer\.m2\repository\org\glassfish\hk2\hk2-utils\2.6.1\hk2-utils-2.6.1.jar;C:\Users\acer\.m2\repository\org\javassist\javassist\3.25.0-GA\javassist-3.25.0-GA.jar;C:\Users\acer\.m2\repository\org\glassfish\jersey\core\jersey-common\2.33\jersey-common-2.33.jar;C:\Users\acer\.m2\repository\jakarta\annotation\jakarta.annotation-api\1.3.5\jakarta.annotation-api-1.3.5.jar;C:\Users\acer\.m2\repository\org\glassfish\hk2\osgi-resource-locator\1.0.3\osgi-resource-locator-1.0.3.jar;C:\Users\acer\.m2\repository\org\glassfish\jersey\media\jersey-media-multipart\2.33\jersey-media-multipart-2.33.jar;C:\Users\acer\.m2\repository\org\jvnet\mimepull\mimepull\1.9.13\mimepull-1.9.13.jar;C:\Users\acer\.m2\repository\org\apache\nifi\nifi-expression-language\1.14.0\nifi-expression-language-1.14.0.jar;C:\Users\acer\.m2\repository\org\antlr\antlr-runtime\3.5.2\antlr-runtime-3.5.2.jar;C:\Users\acer\.m2\repository\org\apache\nifi\nifi-uuid5\1.14.0\nifi-uuid5-1.14.0.jar;C:\Users\acer\.m2\repository\com\jayway\jsonpath\json-path\2.6.0\json-path-2.6.0.jar;C:\Users\acer\.m2\repository\net\minidev\json-smart\2.4.7\json-smart-2.4.7.jar;C:\Users\acer\.m2\repository\net\minidev\accessors-smart\2.4.7\accessors-smart-2.4.7.jar;C:\Users\acer\.m2\repository\org\ow2\asm\asm\9.1\asm-9.1.jar;C:\Users\acer\.m2\repository\org\apache\commons\commons-text\1.8\commons-text-1.8.jar;C:\Users\acer\.m2\repository\commons-codec\commons-codec\1.14\commons-codec-1.14.jar;C:\Users\acer\.m2\repository\org\apache\nifi\nifi-data-provenance-utils\1.14.0\nifi-data-provenance-utils-1.14.0.jar;C:\Users\acer\.m2\repository\org\apache\nifi\nifi-security-utils\1.14.0\nifi-security-utils-1.14.0.jar;C:\Users\acer\.m2\repository\org\apache\nifi\nifi-security-utils-api\1.14.0\nifi-security-utils-api-1.14.0.jar;C:\Users\acer\.m2\repository\org\apache\nifi\nifi-security-kms\1.14.0\nifi-security-kms-1.14.0.jar;C:\Users\acer\.m2\repository\org\bouncycastle\bcpkix-jdk15on\1.69\bcpkix-jdk15on-1.69.jar;C:\Users\acer\.m2\repository\org\bouncycastle\bcutil-jdk15on\1.69\bcutil-jdk15on-1.69.jar;C:\Users\acer\.m2\repository\at\favre\lib\bcrypt\0.9.0\bcrypt-0.9.0.jar;C:\Users\acer\.m2\repository\at\favre\lib\bytes\1.3.0\bytes-1.3.0.jar;C:\Users\acer\.m2\repository\org\apache\commons\commons-configuration2\2.7\commons-configuration2-2.7.jar;C:\Users\acer\.m2\repository\com\sun\activation\javax.activation\1.2.0\javax.activation-1.2.0.jar;C:\Users\acer\.m2\repository\org\bouncycastle\bcprov-jdk15on\1.69\bcprov-jdk15on-1.69.jar;C:\Users\acer\.m2\repository\org\apache\nifi\nifi-properties-loader\1.14.0\nifi-properties-loader-1.14.0.jar;C:\Users\acer\.m2\repository\org\apache\nifi\nifi-sensitive-property-provider\1.14.0\nifi-sensitive-property-provider-1.14.0.jar;C:\Users\acer\.m2\repository\org\apache\nifi\nifi-vault-utils\1.14.0\nifi-vault-utils-1.14.0.jar;C:\Users\acer\.m2\repository\org\springframework\vault\spring-vault-core\2.3.2\spring-vault-core-2.3.2.jar;C:\Users\acer\.m2\repository\org\springframework\spring-context\5.3.5\spring-context-5.3.5.jar;C:\Users\acer\.m2\repository\org\springframework\spring-aop\5.3.5\spring-aop-5.3.5.jar;C:\Users\acer\.m2\repository\org\springframework\spring-expression\5.3.5\spring-expression-5.3.5.jar;C:\Users\acer\.m2\repository\org\springframework\spring-beans\5.3.5\spring-beans-5.3.5.jar;C:\Users\acer\.m2\repository\org\springframework\spring-web\5.3.5\spring-web-5.3.5.jar;C:\Users\acer\.m2\repository\org\springframework\spring-core\5.3.8\spring-core-5.3.8.jar;C:\Users\acer\.m2\repository\org\springframework\spring-jcl\5.3.8\spring-jcl-5.3.8.jar;C:\Users\acer\.m2\repository\com\squareup\okhttp3\okhttp\4.9.1\okhttp-4.9.1.jar;C:\Users\acer\.m2\repository\com\squareup\okio\okio\2.8.0\okio-2.8.0.jar;C:\Users\acer\.m2\repository\org\jetbrains\kotlin\kotlin-stdlib-common\1.4.0\kotlin-stdlib-common-1.4.0.jar;C:\Users\acer\.m2\repository\org\jetbrains\kotlin\kotlin-stdlib\1.4.10\kotlin-stdlib-1.4.10.jar;C:\Users\acer\.m2\repository\org\jetbrains\annotations\13.0\annotations-13.0.jar;C:\Users\acer\.m2\repository\org\apache\nifi\nifi-properties\1.14.0\nifi-properties-1.14.0.jar;C:\Users\acer\.m2\repository\org\apache\nifi\nifi-property-utils\1.14.0\nifi-property-utils-1.14.0.jar;C:\Users\acer\.m2\repository\org\slf4j\slf4j-simple\1.7.30\slf4j-simple-1.7.30.jar;C:\Users\acer\.m2\repository\org\slf4j\slf4j-api\1.7.30\slf4j-api-1.7.30.jar;C:\Users\acer\.m2\repository\junit\junit\4.13.2\junit-4.13.2.jar;C:\Users\acer\.m2\repository\org\hamcrest\hamcrest-core\1.3\hamcrest-core-1.3.jar;C:\Users\acer\.m2\repository\jakarta\persistence\jakarta.persistence-api\2.2.3\jakarta.persistence-api-2.2.3.jar;C:\Users\acer\.m2\repository\org\apache\htrace\htrace-core4\4.1.0-incubating\htrace-core4-4.1.0-incubating.jar;C:\Users\acer\.m2\repository\org\hibernate\validator\hibernate-validator\6.2.4.Final\hibernate-validator-6.2.4.Final.jar;C:\Users\acer\.m2\repository\jakarta\validation\jakarta.validation-api\2.0.2\jakarta.validation-api-2.0.2.jar;C:\Users\acer\.m2\repository\org\projectlombok\lombok\1.18.24\lombok-1.18.24.jar;C:\Users\acer\.m2\repository\org\mockito\mockito-core\2.28.2\mockito-core-2.28.2.jar;C:\Users\acer\.m2\repository\net\bytebuddy\byte-buddy-agent\1.9.10\byte-buddy-agent-1.9.10.jar;C:\Users\acer\.m2\repository\org\objenesis\objenesis\2.6\objenesis-2.6.jar;C:\Users\acer\.m2\repository\org\codehaus\groovy\groovy-test\2.5.6\groovy-test-2.5.6.jar;C:\Users\acer\.m2\repository\org\codehaus\groovy\groovy\2.5.6\groovy-2.5.6.jar;"/>
    <property name="sun.cpu.endian" value="little"/>
    <property name="user.home" value="C:\Users\acer"/>
    <property name="user.language" value="en"/>
    <property name="java.specification.vendor" value="Oracle Corporation"/>
    <property name="java.version.date" value="2022-07-19"/>
    <property name="java.home" value="C:\Program Files\Java\jdk-18.0.2"/>
    <property name="file.separator" value="\"/>
    <property name="basedir" value="C:\Users\acer\perinimble\java_project\nifi-custom-processor\nifi-sample-processors"/>
    <property name="java.vm.compressedOopsMode" value="32-bit"/>
    <property name="line.separator" value="&#10;"/>
    <property name="java.vm.specification.vendor" value="Oracle Corporation"/>
    <property name="java.specification.name" value="Java Platform API Specification"/>
    <property name="java.awt.headless" value="true"/>
    <property name="surefire.real.class.path" value="C:\Users\acer\AppData\Local\Temp\surefire7961191824232708917\surefirebooter7350437031094619278.jar"/>
    <property name="user.script" value=""/>
    <property name="sun.management.compiler" value="HotSpot 64-Bit Tiered Compilers"/>
    <property name="java.runtime.version" value="18.0.2+9-61"/>
    <property name="java.net.preferIPv4Stack" value="true"/>
    <property name="user.name" value="acer"/>
    <property name="path.separator" value=";"/>
    <property name="os.version" value="10.0"/>
    <property name="java.runtime.name" value="Java(TM) SE Runtime Environment"/>
    <property name="file.encoding" value="UTF-8"/>
    <property name="java.vm.name" value="Java HotSpot(TM) 64-Bit Server VM"/>
    <property name="localRepository" value="C:\Users\acer\.m2\repository"/>
    <property name="java.vendor.url.bug" value="https://bugreport.java.com/bugreport/"/>
    <property name="java.io.tmpdir" value="C:\Users\acer\AppData\Local\Temp\"/>
    <property name="idea.version" value="2022.2.1"/>
    <property name="java.version" value="18.0.2"/>
    <property name="user.dir" value="C:\Users\acer\perinimble\java_project\nifi-custom-processor\nifi-sample-processors"/>
    <property name="os.arch" value="amd64"/>
    <property name="java.vm.specification.name" value="Java Virtual Machine Specification"/>
    <property name="sun.os.patch.level" value=""/>
    <property name="native.encoding" value="Cp1252"/>
    <property name="java.library.path" value="C:\Program Files\Java\jdk-18.0.2\bin;C:\Windows\Sun\Java\bin;C:\Windows\system32;C:\Windows;C:\Windows\system32;C:\Windows;C:\Windows\System32\Wbem;C:\Windows\System32\WindowsPowerShell\v1.0\;C:\Windows\System32\OpenSSH\;C:\Program Files\nodejs\;C:\Program Files\Go\bin;C:\Users\acer\AppData\Local\Programs\Python\Python310;C:\Users\acer\AppData\Local\Programs\Python\Python310;C:\Users\acer\Desktop\java_tut\demo;C:\Users\acer\Desktop\java_tut\demo\.mvn\wrapper;C:\Users\acer\.web3j\web3j-cli-shadow-1.4.1\bin;C:\Users\acer\AppData\Roaming\npm;C:\Users\acer\AppData\Local\Programs\Microsoft VS Code;C:\Users\acer\AppData\Local\Programs\Python\Python311\Scripts;C:\Users\acer\AppData\Local\Programs\Python\Python311;C:\Program Files\Amazon\AWSCLIV2\;C:\Program Files\OpenSSL-Win64\bin;C:\Program Files\Git\cmd;C:\Program Files\Graphviz\bin;C:\Program Files\PostgreSQL\16\bin;C:\Users\acer\Downloads\flink-1.17.2\bin;C:\Program Files\Docker\Docker\resources\bin;C:\Users\acer\Downloads\jdk-11.0.1\bin;%MAVEN_HOME%\bin;%JAVA_HOME%\bin;C:\Users\acer\.cargo\bin;C:\Windows\system32;C:\Windows;C:\Windows\System32\Wbem;C:\Windows\System32\WindowsPowerShell\v1.0\;C:\Windows\System32\OpenSSH\;C:\Program Files\nodejs\;C:\Program Files\Go\bin;C:\Program Files\Git\cmd;C:\Users\acer\AppData\Local\Programs\Python\Python310;C:\Users\acer\AppData\Local\Programs\Python\Python310;C:\Users\acer\Desktop\java_tut\demo;C:\Users\acer\Desktop\java_tut\demo\.mvn\wrapper;C:\Users\acer\.web3j\web3j-cli-shadow-1.4.1\bin;C:\Program Files\Docker\Docker\resources\bin;C:\Users\acer\AppData\Roaming\npm;C:\Program Files\Common Files\Oracle\Java\javapath;C:\Windows\system32;C:\Windows;C:\Windows\System32\Wbem;C:\Windows\System32\WindowsPowerShell\v1.0\;C:\Windows\System32\OpenSSH\;C:\Program Files\nodejs\;C:\Program Files\Go\bin;C:\Program Files\Git\cmd;C:\Users\acer\AppData\Local\Programs\Python\Pyt;C:\Users\acer\AppData\Local\Programs\Microsoft VS Code;C:\Users\acer\AppData\Local\Programs\Python\Python311;C:\Users\acer\AppData\Local\Prog;C:\Users\acer\AppData\Local\Programs\Microsoft VS Code\bin;C:\Program Files\Graphviz\bin;C:\Users\acer\perinimble\software\kafka;C:\Users\acer\perinimble\software\apache-maven-3.9.6\bin;C:\Users\acer\Downloads\jdk-11.0.1\bin;;."/>
    <property name="java.vm.info" value="mixed mode, sharing"/>
    <property name="java.vendor" value="Oracle Corporation"/>
    <property name="java.vm.version" value="18.0.2+9-61"/>
    <property name="sun.io.unicode.encoding" value="UnicodeLittle"/>
    <property name="enforcer.skip" value="true"/>
    <property name="java.class.version" value="62.0"/>
  </properties>
  <testcase name="testProcessor" classname="com.periNimble.custom.processors.sample.MyProcessorTest" time="0.527"/>
</testsuite>